#
# There is insufficient memory for the Java Runtime Environment to continue.
# Native memory allocation (malloc) failed to allocate 1131216 bytes for Chunk::new
# Possible reasons:
#   The system is out of physical RAM or swap space
#   The process is running with CompressedOops enabled, and the Java Heap may be blocking the growth of the native heap
# Possible solutions:
#   Reduce memory load on the system
#   Increase physical memory or swap space
#   Check if swap backing store is full
#   Decrease Java heap size (-Xmx/-Xms)
#   Decrease number of Java threads
#   Decrease Java thread stack sizes (-Xss)
#   Set larger code cache with -XX:ReservedCodeCacheSize=
#   JVM is running with Unscaled Compressed Oops mode in which the Java heap is
#     placed in the first 4GB address space. The Java Heap base address is the
#     maximum limit for the native heap growth. Please use -XX:HeapBaseMinAddress
#     to set the Java Heap base and to place the Java Heap above 4GB virtual address.
# This output file may be truncated or incomplete.
#
#  Out of Memory Error (arena.cpp:184), pid=25172, tid=6816
#
# JRE version: Java(TM) SE Runtime Environment (19.0+36) (build 19+36-2238)
# Java VM: Java HotSpot(TM) 64-Bit Server VM (19+36-2238, mixed mode, sharing, tiered, compressed oops, compressed class ptrs, g1 gc, windows-amd64)
# No core dump will be written. Minidumps are not enabled by default on client versions of Windows
#

---------------  S U M M A R Y ------------

Command Line: -Dfile.encoding=UTF-8 -XX:+ShowCodeDetailsInExceptionMessages com.wipro.paymentms2.Paymentms2Application

Host: AMD Ryzen 3 3250U with Radeon Graphics         , 4 cores, 5G,  Windows 11 , 64 bit Build 26100 (10.0.26100.4768)
Time: Thu Aug 28 18:41:04 2025 India Standard Time elapsed time: 60.663571 seconds (0d 0h 1m 0s)

---------------  T H R E A D  ---------------

Current thread (0x000001adaf4bbd30):  JavaThread "C2 CompilerThread0" daemon [_thread_in_native, id=6816, stack(0x00000083f0900000,0x00000083f0a00000)]


Current CompileTask:
C2:  60663 3875       4       org.springframework.core.ResolvableType::forType (112 bytes)

Stack: [0x00000083f0900000,0x00000083f0a00000]
Native frames: (J=compiled Java code, j=interpreted, Vv=VM code, C=native code)
V  [jvm.dll+0x6ee8fa]
V  [jvm.dll+0x857a1e]
V  [jvm.dll+0x85940e]
V  [jvm.dll+0x859ac3]
V  [jvm.dll+0x28291f]
V  [jvm.dll+0xc9b5f]
V  [jvm.dll+0xc9ee5]
V  [jvm.dll+0x3bcb72]
V  [jvm.dll+0x386201]
V  [jvm.dll+0x38567a]
V  [jvm.dll+0x24c2c9]
V  [jvm.dll+0x24b671]
V  [jvm.dll+0x1d6d61]
V  [jvm.dll+0x25b0fa]
V  [jvm.dll+0x259588]
V  [jvm.dll+0x807928]
V  [jvm.dll+0x8015fa]
V  [jvm.dll+0x6ed5eb]
C  [ucrtbase.dll+0x37b0]
C  [KERNEL32.DLL+0x2e8d7]
C  [ntdll.dll+0x3c34c]


---------------  P R O C E S S  ---------------

Threads class SMR info:
_java_thread_list=0x000001adb4d49b50, length=14, elements={
0x000001ad9292e9d0, 0x000001adaf4acac0, 0x000001adaf4aeaa0, 0x000001adaf4b4d20,
0x000001adaf4b7c60, 0x000001adaf4b8790, 0x000001adaf4bb0d0, 0x000001adaf4bbd30,
0x000001adaf52d770, 0x000001adaf52e860, 0x000001adb38cd270, 0x000001adb38dda40,
0x000001adb39db800, 0x000001adb447d020
}

Java Threads: ( => current thread )
  0x000001ad9292e9d0 JavaThread "main" [_thread_blocked, id=33708, stack(0x00000083efc00000,0x00000083efd00000)]
  0x000001adaf4acac0 JavaThread "Reference Handler" daemon [_thread_blocked, id=19592, stack(0x00000083f0300000,0x00000083f0400000)]
  0x000001adaf4aeaa0 JavaThread "Finalizer" daemon [_thread_blocked, id=21524, stack(0x00000083f0400000,0x00000083f0500000)]
  0x000001adaf4b4d20 JavaThread "Signal Dispatcher" daemon [_thread_blocked, id=37392, stack(0x00000083f0500000,0x00000083f0600000)]
  0x000001adaf4b7c60 JavaThread "Attach Listener" daemon [_thread_blocked, id=9812, stack(0x00000083f0600000,0x00000083f0700000)]
  0x000001adaf4b8790 JavaThread "Service Thread" daemon [_thread_blocked, id=30948, stack(0x00000083f0700000,0x00000083f0800000)]
  0x000001adaf4bb0d0 JavaThread "Monitor Deflation Thread" daemon [_thread_blocked, id=34236, stack(0x00000083f0800000,0x00000083f0900000)]
=>0x000001adaf4bbd30 JavaThread "C2 CompilerThread0" daemon [_thread_in_native, id=6816, stack(0x00000083f0900000,0x00000083f0a00000)]
  0x000001adaf52d770 JavaThread "C1 CompilerThread0" daemon [_thread_blocked, id=5416, stack(0x00000083f0a00000,0x00000083f0b00000)]
  0x000001adaf52e860 JavaThread "Sweeper thread" daemon [_thread_blocked, id=32996, stack(0x00000083f0b00000,0x00000083f0c00000)]
  0x000001adb38cd270 JavaThread "Notification Thread" daemon [_thread_blocked, id=10064, stack(0x00000083f0c00000,0x00000083f0d00000)]
  0x000001adb38dda40 JavaThread "Common-Cleaner" daemon [_thread_blocked, id=3620, stack(0x00000083f0e00000,0x00000083f0f00000)]
  0x000001adb39db800 JavaThread "Thread-0" [_thread_blocked, id=34140, stack(0x00000083f1200000,0x00000083f1300000)]
  0x000001adb447d020 JavaThread "restartedMain" [_thread_in_vm, id=36704, stack(0x00000083f1300000,0x00000083f1400000)]

Other Threads:
  0x000001adaf4944f0 VMThread "VM Thread" [stack: 0x00000083f0200000,0x00000083f0300000] [id=27804]
  0x000001adb38cdbc0 WatcherThread "VM Periodic Task Thread" [stack: 0x00000083f0d00000,0x00000083f0e00000] [id=38308]
  0x000001ad9297fda0 WorkerThread "GC Thread#0" [stack: 0x00000083efd00000,0x00000083efe00000] [id=4716]
  0x000001adb3fd3ea0 WorkerThread "GC Thread#1" [stack: 0x00000083f0f00000,0x00000083f1000000] [id=26460]
  0x000001adb3ff6740 WorkerThread "GC Thread#2" [stack: 0x00000083f1000000,0x00000083f1100000] [id=15664]
  0x000001adb3ff6a10 WorkerThread "GC Thread#3" [stack: 0x00000083f1100000,0x00000083f1200000] [id=29164]
  0x000001ad9298cb40 ConcurrentGCThread "G1 Main Marker" [stack: 0x00000083efe00000,0x00000083eff00000] [id=3472]
  0x000001ad9298eb80 WorkerThread "G1 Conc#0" [stack: 0x00000083eff00000,0x00000083f0000000] [id=19972]
  0x000001adaf3520b0 ConcurrentGCThread "G1 Refine#0" [stack: 0x00000083f0000000,0x00000083f0100000] [id=3980]
  0x000001adaf352bf0 ConcurrentGCThread "G1 Service" [stack: 0x00000083f0100000,0x00000083f0200000] [id=39516]

Threads with active compile tasks:
C2 CompilerThread0    60773 3875       4       org.springframework.core.ResolvableType::forType (112 bytes)

VM state: not at safepoint (normal execution)

VM Mutex/Monitor currently owned by a thread: None

Heap address: 0x00000000a0e00000, size: 1522 MB, Compressed Oops mode: 32-bit

CDS archive(s) mapped at: [0x0000000800000000-0x0000000800c40000-0x0000000800c40000), size 12845056, SharedBaseAddress: 0x0000000800000000, ArchiveRelocationMode: 0.
Compressed class space mapped at: 0x0000000801000000-0x0000000841000000, reserved size: 1073741824
Narrow klass base: 0x0000000800000000, Narrow klass shift: 0, Narrow klass range: 0x100000000

GC Precious Log:
 CardTable entry size: 512
 Card Set container configuration: InlinePtr #cards 5 size 8 Array Of Cards #cards 12 size 40 Howl #buckets 4 coarsen threshold 1843 Howl Bitmap #cards 512 size 80 coarsen threshold 460 Card regions per heap region 1 cards per card region 2048
 CPUs: 4 total, 4 available
 Memory: 6086M
 Large Page Support: Disabled
 NUMA Support: Disabled
 Compressed Oops: Enabled (32-bit)
 Heap Region Size: 1M
 Heap Min Capacity: 8M
 Heap Initial Capacity: 96M
 Heap Max Capacity: 1522M
 Pre-touch: Disabled
 Parallel Workers: 4
 Concurrent Workers: 1
 Concurrent Refinement Workers: 4
 Periodic GC: Disabled

Heap:
 garbage-first heap   total 78848K, used 63585K [0x00000000a0e00000, 0x0000000100000000)
  region size 1024K, 45 young (46080K), 2 survivors (2048K)
 Metaspace       used 26431K, committed 26880K, reserved 1114112K
  class space    used 3250K, committed 3456K, reserved 1048576K

Heap Regions: E=young(eden), S=young(survivor), O=old, HS=humongous(starts), HC=humongous(continues), CS=collection set, F=free, OA=open archive, CA=closed archive, TAMS=top-at-mark-start (previous, next)
|   0|0x00000000a0e00000, 0x00000000a0f00000, 0x00000000a0f00000|100%|HS|  |TAMS 0x00000000a0f00000, 0x00000000a0e00000| Complete 
|   1|0x00000000a0f00000, 0x00000000a1000000, 0x00000000a1000000|100%|HS|  |TAMS 0x00000000a1000000, 0x00000000a0f00000| Complete 
|   2|0x00000000a1000000, 0x00000000a1100000, 0x00000000a1100000|100%|HS|  |TAMS 0x00000000a1100000, 0x00000000a1000000| Complete 
|   3|0x00000000a1100000, 0x00000000a1100000, 0x00000000a1200000|  0%| F|  |TAMS 0x00000000a1100000, 0x00000000a1100000| Untracked 
|   4|0x00000000a1200000, 0x00000000a1300000, 0x00000000a1300000|100%| O|  |TAMS 0x00000000a1300000, 0x00000000a1200000| Untracked 
|   5|0x00000000a1300000, 0x00000000a1400000, 0x00000000a1400000|100%| O|  |TAMS 0x00000000a1400000, 0x00000000a1300000| Complete 
|   6|0x00000000a1400000, 0x00000000a1500000, 0x00000000a1500000|100%| O|  |TAMS 0x00000000a1500000, 0x00000000a1400000| Untracked 
|   7|0x00000000a1500000, 0x00000000a1600000, 0x00000000a1600000|100%| O|  |TAMS 0x00000000a1600000, 0x00000000a1500000| Untracked 
|   8|0x00000000a1600000, 0x00000000a1700000, 0x00000000a1700000|100%| O|  |TAMS 0x00000000a1700000, 0x00000000a1600000| Untracked 
|   9|0x00000000a1700000, 0x00000000a1800000, 0x00000000a1800000|100%| O|  |TAMS 0x00000000a1800000, 0x00000000a1700000| Untracked 
|  10|0x00000000a1800000, 0x00000000a1900000, 0x00000000a1900000|100%| O|  |TAMS 0x00000000a1800000, 0x00000000a1800000| Untracked 
|  11|0x00000000a1900000, 0x00000000a1900000, 0x00000000a1a00000|  0%| F|  |TAMS 0x00000000a1900000, 0x00000000a1900000| Untracked 
|  12|0x00000000a1a00000, 0x00000000a1a00000, 0x00000000a1b00000|  0%| F|  |TAMS 0x00000000a1a00000, 0x00000000a1a00000| Untracked 
|  13|0x00000000a1b00000, 0x00000000a1c00000, 0x00000000a1c00000|100%| O|  |TAMS 0x00000000a1c00000, 0x00000000a1b00000| Untracked 
|  14|0x00000000a1c00000, 0x00000000a1d00000, 0x00000000a1d00000|100%| O|  |TAMS 0x00000000a1d00000, 0x00000000a1c00000| Untracked 
|  15|0x00000000a1d00000, 0x00000000a1e00000, 0x00000000a1e00000|100%| O|  |TAMS 0x00000000a1e00000, 0x00000000a1d00000| Untracked 
|  16|0x00000000a1e00000, 0x00000000a1f00000, 0x00000000a1f00000|100%| O|  |TAMS 0x00000000a1eae600, 0x00000000a1e00000| Untracked 
|  17|0x00000000a1f00000, 0x00000000a2000000, 0x00000000a2000000|100%| O|  |TAMS 0x00000000a1f00000, 0x00000000a1f00000| Untracked 
|  18|0x00000000a2000000, 0x00000000a2100000, 0x00000000a2100000|100%| O|  |TAMS 0x00000000a2000000, 0x00000000a2000000| Untracked 
|  19|0x00000000a2100000, 0x00000000a2200000, 0x00000000a2200000|100%| O|  |TAMS 0x00000000a2100000, 0x00000000a2100000| Untracked 
|  20|0x00000000a2200000, 0x00000000a2300000, 0x00000000a2300000|100%| O|  |TAMS 0x00000000a2200000, 0x00000000a2200000| Untracked 
|  21|0x00000000a2300000, 0x00000000a23d8e00, 0x00000000a2400000| 84%| O|  |TAMS 0x00000000a2300000, 0x00000000a2300000| Untracked 
|  22|0x00000000a2400000, 0x00000000a2400000, 0x00000000a2500000|  0%| F|  |TAMS 0x00000000a2400000, 0x00000000a2400000| Untracked 
|  23|0x00000000a2500000, 0x00000000a2500000, 0x00000000a2600000|  0%| F|  |TAMS 0x00000000a2500000, 0x00000000a2500000| Untracked 
|  24|0x00000000a2600000, 0x00000000a2600000, 0x00000000a2700000|  0%| F|  |TAMS 0x00000000a2600000, 0x00000000a2600000| Untracked 
|  25|0x00000000a2700000, 0x00000000a2700000, 0x00000000a2800000|  0%| F|  |TAMS 0x00000000a2700000, 0x00000000a2700000| Untracked 
|  26|0x00000000a2800000, 0x00000000a2800000, 0x00000000a2900000|  0%| F|  |TAMS 0x00000000a2800000, 0x00000000a2800000| Untracked 
|  27|0x00000000a2900000, 0x00000000a2900000, 0x00000000a2a00000|  0%| F|  |TAMS 0x00000000a2900000, 0x00000000a2900000| Untracked 
|  28|0x00000000a2a00000, 0x00000000a2a00000, 0x00000000a2b00000|  0%| F|  |TAMS 0x00000000a2a00000, 0x00000000a2a00000| Untracked 
|  29|0x00000000a2b00000, 0x00000000a2b00000, 0x00000000a2c00000|  0%| F|  |TAMS 0x00000000a2b00000, 0x00000000a2b00000| Untracked 
|  30|0x00000000a2c00000, 0x00000000a2c00000, 0x00000000a2d00000|  0%| F|  |TAMS 0x00000000a2c00000, 0x00000000a2c00000| Untracked 
|  31|0x00000000a2d00000, 0x00000000a2d00000, 0x00000000a2e00000|  0%| F|  |TAMS 0x00000000a2d00000, 0x00000000a2d00000| Untracked 
|  32|0x00000000a2e00000, 0x00000000a2e9fbe0, 0x00000000a2f00000| 62%| E|  |TAMS 0x00000000a2e00000, 0x00000000a2e00000| Complete 
|  33|0x00000000a2f00000, 0x00000000a3000000, 0x00000000a3000000|100%| E|CS|TAMS 0x00000000a2f00000, 0x00000000a2f00000| Complete 
|  34|0x00000000a3000000, 0x00000000a3100000, 0x00000000a3100000|100%| E|CS|TAMS 0x00000000a3000000, 0x00000000a3000000| Complete 
|  35|0x00000000a3100000, 0x00000000a3200000, 0x00000000a3200000|100%| E|CS|TAMS 0x00000000a3100000, 0x00000000a3100000| Complete 
|  36|0x00000000a3200000, 0x00000000a3300000, 0x00000000a3300000|100%| E|CS|TAMS 0x00000000a3200000, 0x00000000a3200000| Complete 
|  37|0x00000000a3300000, 0x00000000a3400000, 0x00000000a3400000|100%| E|CS|TAMS 0x00000000a3300000, 0x00000000a3300000| Complete 
|  38|0x00000000a3400000, 0x00000000a3500000, 0x00000000a3500000|100%| E|CS|TAMS 0x00000000a3400000, 0x00000000a3400000| Complete 
|  39|0x00000000a3500000, 0x00000000a3600000, 0x00000000a3600000|100%| E|CS|TAMS 0x00000000a3500000, 0x00000000a3500000| Complete 
|  40|0x00000000a3600000, 0x00000000a3700000, 0x00000000a3700000|100%| E|CS|TAMS 0x00000000a3600000, 0x00000000a3600000| Complete 
|  41|0x00000000a3700000, 0x00000000a3800000, 0x00000000a3800000|100%| E|CS|TAMS 0x00000000a3700000, 0x00000000a3700000| Complete 
|  42|0x00000000a3800000, 0x00000000a3900000, 0x00000000a3900000|100%| E|CS|TAMS 0x00000000a3800000, 0x00000000a3800000| Complete 
|  43|0x00000000a3900000, 0x00000000a3a00000, 0x00000000a3a00000|100%| E|CS|TAMS 0x00000000a3900000, 0x00000000a3900000| Complete 
|  44|0x00000000a3a00000, 0x00000000a3b00000, 0x00000000a3b00000|100%| E|CS|TAMS 0x00000000a3a00000, 0x00000000a3a00000| Complete 
|  45|0x00000000a3b00000, 0x00000000a3c00000, 0x00000000a3c00000|100%| E|CS|TAMS 0x00000000a3b00000, 0x00000000a3b00000| Complete 
|  46|0x00000000a3c00000, 0x00000000a3d00000, 0x00000000a3d00000|100%| E|CS|TAMS 0x00000000a3c00000, 0x00000000a3c00000| Complete 
|  47|0x00000000a3d00000, 0x00000000a3e00000, 0x00000000a3e00000|100%| E|CS|TAMS 0x00000000a3d00000, 0x00000000a3d00000| Complete 
|  48|0x00000000a3e00000, 0x00000000a3f00000, 0x00000000a3f00000|100%| E|CS|TAMS 0x00000000a3e00000, 0x00000000a3e00000| Complete 
|  49|0x00000000a3f00000, 0x00000000a4000000, 0x00000000a4000000|100%| E|CS|TAMS 0x00000000a3f00000, 0x00000000a3f00000| Complete 
|  50|0x00000000a4000000, 0x00000000a4100000, 0x00000000a4100000|100%| E|CS|TAMS 0x00000000a4000000, 0x00000000a4000000| Complete 
|  51|0x00000000a4100000, 0x00000000a4200000, 0x00000000a4200000|100%| E|CS|TAMS 0x00000000a4100000, 0x00000000a4100000| Complete 
|  52|0x00000000a4200000, 0x00000000a4300000, 0x00000000a4300000|100%| E|CS|TAMS 0x00000000a4200000, 0x00000000a4200000| Complete 
|  53|0x00000000a4300000, 0x00000000a4400000, 0x00000000a4400000|100%| E|CS|TAMS 0x00000000a4300000, 0x00000000a4300000| Complete 
|  54|0x00000000a4400000, 0x00000000a4500000, 0x00000000a4500000|100%| E|CS|TAMS 0x00000000a4400000, 0x00000000a4400000| Complete 
|  55|0x00000000a4500000, 0x00000000a4600000, 0x00000000a4600000|100%| E|CS|TAMS 0x00000000a4500000, 0x00000000a4500000| Complete 
|  56|0x00000000a4600000, 0x00000000a4700000, 0x00000000a4700000|100%| E|CS|TAMS 0x00000000a4600000, 0x00000000a4600000| Complete 
|  57|0x00000000a4700000, 0x00000000a4800000, 0x00000000a4800000|100%| E|CS|TAMS 0x00000000a4700000, 0x00000000a4700000| Complete 
|  58|0x00000000a4800000, 0x00000000a4900000, 0x00000000a4900000|100%| E|CS|TAMS 0x00000000a4800000, 0x00000000a4800000| Complete 
|  59|0x00000000a4900000, 0x00000000a4a00000, 0x00000000a4a00000|100%| E|CS|TAMS 0x00000000a4900000, 0x00000000a4900000| Complete 
|  60|0x00000000a4a00000, 0x00000000a4b00000, 0x00000000a4b00000|100%| E|CS|TAMS 0x00000000a4a00000, 0x00000000a4a00000| Complete 
|  61|0x00000000a4b00000, 0x00000000a4c00000, 0x00000000a4c00000|100%| E|CS|TAMS 0x00000000a4b00000, 0x00000000a4b00000| Complete 
|  62|0x00000000a4c00000, 0x00000000a4d00000, 0x00000000a4d00000|100%| E|CS|TAMS 0x00000000a4c00000, 0x00000000a4c00000| Complete 
|  63|0x00000000a4d00000, 0x00000000a4e00000, 0x00000000a4e00000|100%| E|CS|TAMS 0x00000000a4d00000, 0x00000000a4d00000| Complete 
|  64|0x00000000a4e00000, 0x00000000a4f00000, 0x00000000a4f00000|100%| E|CS|TAMS 0x00000000a4e00000, 0x00000000a4e00000| Complete 
|  65|0x00000000a4f00000, 0x00000000a5000000, 0x00000000a5000000|100%| E|CS|TAMS 0x00000000a4f00000, 0x00000000a4f00000| Complete 
|  66|0x00000000a5000000, 0x00000000a5100000, 0x00000000a5100000|100%| E|CS|TAMS 0x00000000a5000000, 0x00000000a5000000| Complete 
|  67|0x00000000a5100000, 0x00000000a5200000, 0x00000000a5200000|100%| E|CS|TAMS 0x00000000a5100000, 0x00000000a5100000| Complete 
|  68|0x00000000a5200000, 0x00000000a5300000, 0x00000000a5300000|100%| E|CS|TAMS 0x00000000a5200000, 0x00000000a5200000| Complete 
|  69|0x00000000a5300000, 0x00000000a5400000, 0x00000000a5400000|100%| E|CS|TAMS 0x00000000a5300000, 0x00000000a5300000| Complete 
|  70|0x00000000a5400000, 0x00000000a5500000, 0x00000000a5500000|100%| E|CS|TAMS 0x00000000a5400000, 0x00000000a5400000| Complete 
|  71|0x00000000a5500000, 0x00000000a5600000, 0x00000000a5600000|100%| E|CS|TAMS 0x00000000a5500000, 0x00000000a5500000| Complete 
|  72|0x00000000a5600000, 0x00000000a5700000, 0x00000000a5700000|100%| E|CS|TAMS 0x00000000a5600000, 0x00000000a5600000| Complete 
|  85|0x00000000a6300000, 0x00000000a633f830, 0x00000000a6400000| 24%| S|CS|TAMS 0x00000000a6300000, 0x00000000a6300000| Complete 
|  86|0x00000000a6400000, 0x00000000a6500000, 0x00000000a6500000|100%| S|CS|TAMS 0x00000000a6400000, 0x00000000a6400000| Complete 
|  94|0x00000000a6c00000, 0x00000000a6d00000, 0x00000000a6d00000|100%| E|CS|TAMS 0x00000000a6c00000, 0x00000000a6c00000| Complete 
|  95|0x00000000a6d00000, 0x00000000a6e00000, 0x00000000a6e00000|100%| E|CS|TAMS 0x00000000a6d00000, 0x00000000a6d00000| Complete 

Card table byte_map: [0x000001ada9b70000,0x000001ada9e70000] _byte_map_base: 0x000001ada9669000

Marking Bits (Prev, Next): (CMBitMap*) 0x000001ad92980410, (CMBitMap*) 0x000001ad929803d0
 Prev Bits: [0x000001adab940000, 0x000001adad108000)
 Next Bits: [0x000001adaa170000, 0x000001adab938000)

Polling page: 0x000001ad907a0000

Metaspace:

Usage:
  Non-class:     22.64 MB used.
      Class:      3.17 MB used.
       Both:     25.81 MB used.

Virtual space:
  Non-class space:       64.00 MB reserved,      22.88 MB ( 36%) committed,  1 nodes.
      Class space:        1.00 GB reserved,       3.38 MB ( <1%) committed,  1 nodes.
             Both:        1.06 GB reserved,      26.25 MB (  2%) committed. 

Chunk freelists:
   Non-Class:  732.00 KB
       Class:  543.00 KB
        Both:  1.25 MB

MaxMetaspaceSize: unlimited
CompressedClassSpaceSize: 1.00 GB
Initial GC threshold: 21.00 MB
Current GC threshold: 35.12 MB
CDS: on
MetaspaceReclaimPolicy: balanced
 - commit_granule_bytes: 65536.
 - commit_granule_words: 8192.
 - virtual_space_node_default_size: 8388608.
 - enlarge_chunks_in_place: 1.
 - new_chunks_are_fully_committed: 0.
 - uncommit_free_chunks: 1.
 - use_allocation_guard: 0.


Internal statistics:

num_allocs_failed_limit: 3.
num_arena_births: 452.
num_arena_deaths: 0.
num_vsnodes_births: 2.
num_vsnodes_deaths: 0.
num_space_committed: 420.
num_space_uncommitted: 0.
num_chunks_returned_to_freelist: 3.
num_chunks_taken_from_freelist: 1318.
num_chunk_merges: 3.
num_chunk_splits: 917.
num_chunks_enlarged: 720.
num_inconsistent_stats: 0.

CodeHeap 'non-profiled nmethods': size=120000Kb used=1895Kb max_used=1895Kb free=118104Kb
 bounds [0x000001ada2340000, 0x000001ada25b0000, 0x000001ada9870000]
CodeHeap 'profiled nmethods': size=120000Kb used=8373Kb max_used=8373Kb free=111626Kb
 bounds [0x000001ad9a870000, 0x000001ad9b0a0000, 0x000001ada1da0000]
CodeHeap 'non-nmethods': size=5760Kb used=1302Kb max_used=1344Kb free=4457Kb
 bounds [0x000001ada1da0000, 0x000001ada2010000, 0x000001ada2340000]
 total_blobs=4410 nmethods=3884 adapters=436
 compilation: enabled
              stopped_count=0, restarted_count=0
 full_count=0

Compilation events (20 events):
Event: 60.367 Thread 0x000001adaf52d770 3874       3       jdk.internal.reflect.DirectMethodHandleAccessor::isStatic (20 bytes)
Event: 60.367 Thread 0x000001adaf52d770 nmethod 3874 0x000001ad9b08c310 code [0x000001ad9b08c4a0, 0x000001ad9b08c618]
Event: 60.402 Thread 0x000001adaf52d770 3876       3       java.lang.Class::getGenericSuperclass (28 bytes)
Event: 60.403 Thread 0x000001adaf52d770 nmethod 3876 0x000001ad9b08c690 code [0x000001ad9b08c8e0, 0x000001ad9b08d2d8]
Event: 60.406 Thread 0x000001adaf52d770 3877       3       jdk.internal.reflect.DirectMethodHandleAccessor::checkArgumentCount (59 bytes)
Event: 60.407 Thread 0x000001adaf52d770 nmethod 3877 0x000001ad9b08d610 code [0x000001ad9b08d880, 0x000001ad9b08e028]
Event: 60.440 Thread 0x000001adaf52d770 3878       3       org.springframework.core.SerializableTypeWrapper$MethodInvokeTypeProvider::getType (57 bytes)
Event: 60.448 Thread 0x000001adaf52d770 nmethod 3878 0x000001ad9b08e390 code [0x000001ad9b08eb00, 0x000001ad9b093798]
Event: 60.481 Thread 0x000001adaf52d770 3879       3       java.lang.invoke.LambdaForm$DMH/0x00000008010cc000::invokeInterface (25 bytes)
Event: 60.482 Thread 0x000001adaf52d770 nmethod 3879 0x000001ad9b096510 code [0x000001ad9b096700, 0x000001ad9b096ea8]
Event: 60.523 Thread 0x000001adaf52d770 3880       3       java.lang.invoke.DirectMethodHandle$Interface::checkReceiver (82 bytes)
Event: 60.525 Thread 0x000001adaf52d770 nmethod 3880 0x000001ad9b097010 code [0x000001ad9b0973a0, 0x000001ad9b098cf8]
Event: 60.525 Thread 0x000001adaf52d770 3881       3       jdk.internal.reflect.DirectMethodHandleAccessor::checkReceiver (25 bytes)
Event: 60.525 Thread 0x000001adaf52d770 nmethod 3881 0x000001ad9b099510 code [0x000001ad9b0996e0, 0x000001ad9b099958]
Event: 60.529 Thread 0x000001adaf52d770 3882       3       java.lang.invoke.LambdaForm$MH/0x0000000801378000::invoke (42 bytes)
Event: 60.530 Thread 0x000001adaf52d770 nmethod 3882 0x000001ad9b099a90 code [0x000001ad9b099ce0, 0x000001ad9b09a7e8]
Event: 60.532 Thread 0x000001adaf52d770 3883   !   3       org.springframework.core.ResolvableType::getSuperType (53 bytes)
Event: 60.534 Thread 0x000001adaf52d770 nmethod 3883 0x000001ad9b09aa90 code [0x000001ad9b09ad60, 0x000001ad9b09bd78]
Event: 60.545 Thread 0x000001adaf52d770 3884   !   3       org.springframework.core.$Proxy6::getRawType (29 bytes)
Event: 60.546 Thread 0x000001adaf52d770 nmethod 3884 0x000001ad9b09c390 code [0x000001ad9b09c560, 0x000001ad9b09c978]

GC Heap History (10 events):
Event: 4.105 GC heap before
{Heap before GC invocations=0 (full 0):
 garbage-first heap   total 98304K, used 16384K [0x00000000a0e00000, 0x0000000100000000)
  region size 1024K, 13 young (13312K), 0 survivors (0K)
 Metaspace       used 1851K, committed 2048K, reserved 1114112K
  class space    used 165K, committed 256K, reserved 1048576K
}
Event: 4.124 GC heap after
{Heap after GC invocations=1 (full 0):
 garbage-first heap   total 98304K, used 10448K [0x00000000a0e00000, 0x0000000100000000)
  region size 1024K, 2 young (2048K), 2 survivors (2048K)
 Metaspace       used 1851K, committed 2048K, reserved 1114112K
  class space    used 165K, committed 256K, reserved 1048576K
}
Event: 5.191 GC heap before
{Heap before GC invocations=1 (full 0):
 garbage-first heap   total 98304K, used 22736K [0x00000000a0e00000, 0x0000000100000000)
  region size 1024K, 11 young (11264K), 2 survivors (2048K)
 Metaspace       used 2553K, committed 2752K, reserved 1114112K
  class space    used 246K, committed 320K, reserved 1048576K
}
Event: 5.200 GC heap after
{Heap after GC invocations=2 (full 0):
 garbage-first heap   total 98304K, used 16667K [0x00000000a0e00000, 0x0000000100000000)
  region size 1024K, 2 young (2048K), 2 survivors (2048K)
 Metaspace       used 2553K, committed 2752K, reserved 1114112K
  class space    used 246K, committed 320K, reserved 1048576K
}
Event: 13.190 GC heap before
{Heap before GC invocations=2 (full 0):
 garbage-first heap   total 98304K, used 38171K [0x00000000a0e00000, 0x0000000100000000)
  region size 1024K, 23 young (23552K), 2 survivors (2048K)
 Metaspace       used 6579K, committed 6848K, reserved 1114112K
  class space    used 698K, committed 832K, reserved 1048576K
}
Event: 13.195 GC heap after
{Heap after GC invocations=3 (full 0):
 garbage-first heap   total 98304K, used 18105K [0x00000000a0e00000, 0x0000000100000000)
  region size 1024K, 2 young (2048K), 2 survivors (2048K)
 Metaspace       used 6579K, committed 6848K, reserved 1114112K
  class space    used 698K, committed 832K, reserved 1048576K
}
Event: 39.210 GC heap before
{Heap before GC invocations=3 (full 0):
 garbage-first heap   total 98304K, used 66233K [0x00000000a0e00000, 0x0000000100000000)
  region size 1024K, 50 young (51200K), 2 survivors (2048K)
 Metaspace       used 19729K, committed 20096K, reserved 1114112K
  class space    used 2341K, committed 2496K, reserved 1048576K
}
Event: 39.228 GC heap after
{Heap after GC invocations=4 (full 0):
 garbage-first heap   total 98304K, used 22602K [0x00000000a0e00000, 0x0000000100000000)
  region size 1024K, 7 young (7168K), 7 survivors (7168K)
 Metaspace       used 19729K, committed 20096K, reserved 1114112K
  class space    used 2341K, committed 2496K, reserved 1048576K
}
Event: 42.455 GC heap before
{Heap before GC invocations=4 (full 0):
 garbage-first heap   total 98304K, used 29770K [0x00000000a0e00000, 0x0000000100000000)
  region size 1024K, 16 young (16384K), 7 survivors (7168K)
 Metaspace       used 21101K, committed 21504K, reserved 1114112K
  class space    used 2466K, committed 2688K, reserved 1048576K
}
Event: 42.489 GC heap after
{Heap after GC invocations=5 (full 0):
 garbage-first heap   total 98304K, used 23649K [0x00000000a0e00000, 0x0000000100000000)
  region size 1024K, 2 young (2048K), 2 survivors (2048K)
 Metaspace       used 21101K, committed 21504K, reserved 1114112K
  class space    used 2466K, committed 2688K, reserved 1048576K
}

Dll operation events (9 events):
Event: 0.056 Loaded shared library C:\Program Files\Java\jdk-19\bin\java.dll
Event: 0.125 Loaded shared library C:\Program Files\Java\jdk-19\bin\jsvml.dll
Event: 1.707 Loaded shared library C:\Program Files\Java\jdk-19\bin\net.dll
Event: 1.712 Loaded shared library C:\Program Files\Java\jdk-19\bin\nio.dll
Event: 1.723 Loaded shared library C:\Program Files\Java\jdk-19\bin\zip.dll
Event: 3.676 Loaded shared library C:\Program Files\Java\jdk-19\bin\jimage.dll
Event: 8.218 Loaded shared library C:\Program Files\Java\jdk-19\bin\management.dll
Event: 8.239 Loaded shared library C:\Program Files\Java\jdk-19\bin\management_ext.dll
Event: 39.070 Loaded shared library C:\Program Files\Java\jdk-19\bin\sunmscapi.dll

Deoptimization events (20 events):
Event: 57.646 Thread 0x000001adb447d020 DEOPT UNPACKING pc=0x000001ada1e06da3 sp=0x00000083f13fdd00 mode 2
Event: 57.978 Thread 0x000001adb447d020 Uncommon trap: trap_request=0xffffff45 fr.pc=0x000001ada24ecc48 relative=0x0000000000000448
Event: 57.978 Thread 0x000001adb447d020 Uncommon trap: reason=unstable_if action=reinterpret pc=0x000001ada24ecc48 method=org.springframework.beans.factory.support.AbstractBeanFactory.getMergedLocalBeanDefinition(Ljava/lang/String;)Lorg/springframework/beans/factory/support/RootBeanDefinition; 
Event: 57.978 Thread 0x000001adb447d020 DEOPT PACKING pc=0x000001ada24ecc48 sp=0x00000083f13fdf80
Event: 57.978 Thread 0x000001adb447d020 DEOPT UNPACKING pc=0x000001ada1e06da3 sp=0x00000083f13fdf38 mode 2
Event: 59.497 Thread 0x000001adb447d020 Uncommon trap: trap_request=0xffffff45 fr.pc=0x000001ada2507dd4 relative=0x00000000000003b4
Event: 59.497 Thread 0x000001adb447d020 Uncommon trap: reason=unstable_if action=reinterpret pc=0x000001ada2507dd4 method=java.util.stream.StreamOpFlag.getMask(I)I @ 1 c2
Event: 59.497 Thread 0x000001adb447d020 DEOPT PACKING pc=0x000001ada2507dd4 sp=0x00000083f13fe260
Event: 59.498 Thread 0x000001adb447d020 DEOPT UNPACKING pc=0x000001ada1e06da3 sp=0x00000083f13fe150 mode 2
Event: 59.561 Thread 0x000001adb447d020 Uncommon trap: trap_request=0xffffff45 fr.pc=0x000001ada24f3d1c relative=0x000000000000279c
Event: 59.561 Thread 0x000001adb447d020 Uncommon trap: reason=unstable_if action=reinterpret pc=0x000001ada24f3d1c method=org.springframework.beans.factory.support.RootBeanDefinition.getTargetType()Ljava/lang/Class; @ 18 c2
Event: 59.561 Thread 0x000001adb447d020 DEOPT PACKING pc=0x000001ada24f3d1c sp=0x00000083f13fe130
Event: 59.561 Thread 0x000001adb447d020 DEOPT UNPACKING pc=0x000001ada1e06da3 sp=0x00000083f13fdf80 mode 2
Event: 60.335 Thread 0x000001adb447d020 Uncommon trap: trap_request=0xffffff45 fr.pc=0x000001ada24fe918 relative=0x0000000000001b18
Event: 60.335 Thread 0x000001adb447d020 Uncommon trap: reason=unstable_if action=reinterpret pc=0x000001ada24fe918 method=org.springframework.core.ResolvableType.resolveType()Lorg/springframework/core/ResolvableType; @ 40 c2
Event: 60.335 Thread 0x000001adb447d020 DEOPT PACKING pc=0x000001ada24fe918 sp=0x00000083f13fdfd0
Event: 60.335 Thread 0x000001adb447d020 DEOPT UNPACKING pc=0x000001ada1e06da3 sp=0x00000083f13fdfe8 mode 2
Event: 60.552 Thread 0x000001adb447d020 Uncommon trap: trap_request=0xffffff45 fr.pc=0x000001ada2504b3c relative=0x000000000000009c
Event: 60.553 Thread 0x000001adb447d020 Uncommon trap: reason=unstable_if action=reinterpret pc=0x000001ada2504b3c method=org.springframework.core.ResolvableType.isUnresolvableTypeVariable()Z @ 9 c2
Event: 60.553 Thread 0x000001adb447d020 DEOPT PACKING pc=0x000001ada2504b3c sp=0x00000083f13fdeb0

Classes loaded (20 events):
Event: 45.263 Loading class java/security/AccessControlException
Event: 45.263 Loading class java/security/AccessControlException done
Event: 45.282 Loading class java/beans/PropertyVetoException
Event: 45.282 Loading class java/beans/PropertyVetoException done
Event: 55.458 Loading class java/lang/UnsupportedClassVersionError
Event: 55.459 Loading class java/lang/ClassFormatError
Event: 55.459 Loading class java/lang/ClassFormatError done
Event: 55.459 Loading class java/lang/UnsupportedClassVersionError done
Event: 58.933 Loading class java/util/concurrent/Flow$Publisher
Event: 58.934 Loading class java/util/concurrent/Flow$Publisher done
Event: 59.012 Loading class java/util/concurrent/CompletionStage
Event: 59.012 Loading class java/util/concurrent/CompletionStage done
Event: 59.126 Loading class java/util/concurrent/CompletableFuture
Event: 59.127 Loading class java/util/concurrent/CompletableFuture done
Event: 59.497 Loading class java/util/stream/ReferencePipeline$15
Event: 59.497 Loading class java/util/stream/ReferencePipeline$15 done
Event: 59.500 Loading class java/util/stream/ReferencePipeline$15$1
Event: 59.500 Loading class java/util/stream/ReferencePipeline$15$1 done
Event: 59.529 Loading class sun/reflect/generics/tree/BooleanSignature
Event: 59.529 Loading class sun/reflect/generics/tree/BooleanSignature done

Classes unloaded (0 events):
No events

Classes redefined (0 events):
No events

Internal exceptions (20 events):
Event: 21.537 Thread 0x000001adb447d020 Exception <a 'java/lang/NoSuchMethodError'{0x00000000a6089058}: 'java.lang.Object java.lang.invoke.DirectMethodHandle$Holder.invokeVirtual(java.lang.Object, java.lang.Object, java.lang.Object)'> (0x00000000a6089058) 
thrown [s\open\src\hotspot\share\interpreter\linkResolver.cpp, line 774]
Event: 22.106 Thread 0x000001adb447d020 Exception <a 'java/lang/NoSuchMethodError'{0x00000000a5f3e0b8}: 'void java.lang.invoke.DirectMethodHandle$Holder.invokeVirtual(java.lang.Object, java.lang.Object, java.lang.Object, java.lang.Object)'> (0x00000000a5f3e0b8) 
thrown [s\open\src\hotspot\share\interpreter\linkResolver.cpp, line 774]
Event: 24.397 Thread 0x000001adb447d020 Exception <a 'java/lang/IncompatibleClassChangeError'{0x00000000a5df5988}: Found class java.lang.Object, but interface was expected> (0x00000000a5df5988) 
thrown [s\open\src\hotspot\share\interpreter\linkResolver.cpp, line 841]
Event: 24.881 Thread 0x000001adb422f860 Exception <a 'java/lang/NoClassDefFoundError'{0x00000000a5dc3f18}: jakarta/validation/Validation> (0x00000000a5dc3f18) 
thrown [s\open\src\hotspot\share\classfile\systemDictionary.cpp, line 244]
Event: 34.141 Thread 0x000001adb447d020 Implicit null exception at 0x000001ada2442e34 to 0x000001ada2442ec2
Event: 35.646 Thread 0x000001adb447d020 Exception <a 'sun/nio/fs/WindowsException'{0x00000000a446aba0}> (0x00000000a446aba0) 
thrown [s\open\src\hotspot\share\prims\jni.cpp, line 517]
Event: 35.706 Thread 0x000001adb447d020 Exception <a 'java/lang/NoSuchMethodError'{0x00000000a446c2b8}: 'int java.lang.invoke.DirectMethodHandle$Holder.invokeSpecial(java.lang.Object, java.lang.Object, java.lang.Object, java.lang.Object, java.lang.Object)'> (0x00000000a446c2b8) 
thrown [s\open\src\hotspot\share\interpreter\linkResolver.cpp, line 774]
Event: 35.766 Thread 0x000001adb447d020 Exception <a 'java/lang/NoSuchMethodError'{0x00000000a4474f28}: 'void java.lang.invoke.DirectMethodHandle$Holder.invokeVirtual(java.lang.Object, java.lang.Object)'> (0x00000000a4474f28) 
thrown [s\open\src\hotspot\share\interpreter\linkResolver.cpp, line 774]
Event: 36.337 Thread 0x000001adb422f860 Exception <a 'java/lang/NoSuchMethodError'{0x00000000a42dd778}: 'long java.lang.invoke.DirectMethodHandle$Holder.invokeSpecial(java.lang.Object, java.lang.Object)'> (0x00000000a42dd778) 
thrown [s\open\src\hotspot\share\interpreter\linkResolver.cpp, line 774]
Event: 36.345 Thread 0x000001adb422f860 Exception <a 'java/lang/NoSuchMethodError'{0x00000000a42e8648}: 'long java.lang.invoke.DirectMethodHandle$Holder.invokeStatic(java.lang.Object, java.lang.Object)'> (0x00000000a42e8648) 
thrown [s\open\src\hotspot\share\interpreter\linkResolver.cpp, line 774]
Event: 36.347 Thread 0x000001adb422f860 Exception <a 'java/lang/NoSuchMethodError'{0x00000000a42fc090}: 'long java.lang.invoke.DirectMethodHandle$Holder.invokeStaticInit(java.lang.Object, java.lang.Object)'> (0x00000000a42fc090) 
thrown [s\open\src\hotspot\share\interpreter\linkResolver.cpp, line 774]
Event: 36.378 Thread 0x000001adb422f860 Exception <a 'java/lang/NoSuchMethodError'{0x00000000a411e388}: 'long java.lang.invoke.DirectMethodHandle$Holder.invokeInterface(java.lang.Object, java.lang.Object)'> (0x00000000a411e388) 
thrown [s\open\src\hotspot\share\interpreter\linkResolver.cpp, line 774]
Event: 36.378 Thread 0x000001adb422f860 Exception <a 'java/lang/IncompatibleClassChangeError'{0x00000000a4121670}: Found class java.lang.Object, but interface was expected> (0x00000000a4121670) 
thrown [s\open\src\hotspot\share\interpreter\linkResolver.cpp, line 841]
Event: 36.444 Thread 0x000001adb422f860 Exception <a 'java/lang/NoSuchMethodError'{0x00000000a41371e0}: 'java.lang.Object java.lang.invoke.DirectMethodHandle$Holder.invokeVirtual(java.lang.Object, java.lang.Object, java.lang.Object, java.lang.Object)'> (0x00000000a41371e0) 
thrown [s\open\src\hotspot\share\interpreter\linkResolver.cpp, line 774]
Event: 42.497 Thread 0x000001adb447d020 Exception <a 'java/lang/IncompatibleClassChangeError'{0x00000000a6d24f58}: Found class java.lang.Object, but interface was expected> (0x00000000a6d24f58) 
thrown [s\open\src\hotspot\share\interpreter\linkResolver.cpp, line 841]
Event: 57.999 Thread 0x000001adb447d020 Exception <a 'sun/nio/fs/WindowsException'{0x00000000a3619dd0}> (0x00000000a3619dd0) 
thrown [s\open\src\hotspot\share\prims\jni.cpp, line 517]
Event: 58.928 Thread 0x000001adb447d020 Exception <a 'java/lang/NoSuchMethodError'{0x00000000a3236b90}: 'int java.lang.invoke.DirectMethodHandle$Holder.invokeStatic(java.lang.Object)'> (0x00000000a3236b90) 
thrown [s\open\src\hotspot\share\interpreter\linkResolver.cpp, line 774]
Event: 58.929 Thread 0x000001adb447d020 Exception <a 'java/lang/NoSuchMethodError'{0x00000000a323a4f0}: 'int java.lang.invoke.DirectMethodHandle$Holder.invokeStaticInit(java.lang.Object)'> (0x00000000a323a4f0) 
thrown [s\open\src\hotspot\share\interpreter\linkResolver.cpp, line 774]
Event: 59.240 Thread 0x000001adb447d020 Exception <a 'sun/nio/fs/WindowsException'{0x00000000a3000148}> (0x00000000a3000148) 
thrown [s\open\src\hotspot\share\prims\jni.cpp, line 517]
Event: 59.424 Thread 0x000001adb447d020 Exception <a 'java/lang/NoSuchMethodError'{0x00000000a30260e0}: 'java.lang.Object java.lang.invoke.DirectMethodHandle$Holder.invokeSpecialIFC(java.lang.Object, java.lang.Object, java.lang.Object)'> (0x00000000a30260e0) 
thrown [s\open\src\hotspot\share\interpreter\linkResolver.cpp, line 774]

VM Operations (20 events):
Event: 56.860 Executing VM operation: Cleanup
Event: 56.970 Executing VM operation: Cleanup done
Event: 57.801 Executing VM operation: HandshakeAllThreads
Event: 57.801 Executing VM operation: HandshakeAllThreads done
Event: 57.883 Executing VM operation: HandshakeAllThreads
Event: 57.883 Executing VM operation: HandshakeAllThreads done
Event: 57.988 Executing VM operation: HandshakeAllThreads
Event: 57.989 Executing VM operation: HandshakeAllThreads done
Event: 57.989 Executing VM operation: Cleanup
Event: 57.989 Executing VM operation: Cleanup done
Event: 57.990 Executing VM operation: HandshakeAllThreads
Event: 57.990 Executing VM operation: HandshakeAllThreads done
Event: 58.997 Executing VM operation: Cleanup
Event: 58.997 Executing VM operation: Cleanup done
Event: 59.512 Executing VM operation: HandshakeAllThreads
Event: 59.512 Executing VM operation: HandshakeAllThreads done
Event: 60.333 Executing VM operation: HandshakeAllThreads
Event: 60.333 Executing VM operation: HandshakeAllThreads done
Event: 60.333 Executing VM operation: Cleanup
Event: 60.334 Executing VM operation: Cleanup done

Events (20 events):
Event: 0.125 Thread 0x000001ad9292e9d0 Thread added: 0x000001ad9292e9d0
Event: 0.177 Thread 0x000001adaf4acac0 Thread added: 0x000001adaf4acac0
Event: 0.178 Thread 0x000001adaf4aeaa0 Thread added: 0x000001adaf4aeaa0
Event: 0.189 Thread 0x000001adaf4b4d20 Thread added: 0x000001adaf4b4d20
Event: 0.189 Thread 0x000001adaf4b7c60 Thread added: 0x000001adaf4b7c60
Event: 0.189 Thread 0x000001adaf4b8790 Thread added: 0x000001adaf4b8790
Event: 0.189 Thread 0x000001adaf4bb0d0 Thread added: 0x000001adaf4bb0d0
Event: 0.189 Thread 0x000001adaf4bbd30 Thread added: 0x000001adaf4bbd30
Event: 0.197 Thread 0x000001adaf52d770 Thread added: 0x000001adaf52d770
Event: 0.200 Thread 0x000001adaf52e860 Thread added: 0x000001adaf52e860
Event: 1.656 Thread 0x000001adb38cd270 Thread added: 0x000001adb38cd270
Event: 1.672 Thread 0x000001adb38dda40 Thread added: 0x000001adb38dda40
Event: 9.833 Thread 0x000001adb39db800 Thread added: 0x000001adb39db800
Event: 10.213 Thread 0x000001adb447d020 Thread added: 0x000001adb447d020
Event: 20.330 Thread 0x000001adb4231230 Thread added: 0x000001adb4231230
Event: 21.140 Thread 0x000001adb4231230 Thread exited: 0x000001adb4231230
Event: 24.320 Thread 0x000001adb422f860 Thread added: 0x000001adb422f860
Event: 39.438 Thread 0x000001adb422f860 Thread exited: 0x000001adb422f860
Event: 40.592 Thread 0x000001adb4892360 Thread added: 0x000001adb4892360
Event: 42.245 Thread 0x000001adb4892360 Thread exited: 0x000001adb4892360


Dynamic libraries:
0x00007ff638340000 - 0x00007ff638350000 	C:\Program Files\Java\jdk-19\bin\javaw.exe
0x00007ffc91860000 - 0x00007ffc91ac7000 	C:\WINDOWS\SYSTEM32\ntdll.dll
0x00007ffc90790000 - 0x00007ffc90859000 	C:\WINDOWS\System32\KERNEL32.DLL
0x00007ffc8f160000 - 0x00007ffc8f550000 	C:\WINDOWS\System32\KERNELBASE.dll
0x00007ffc8ebb0000 - 0x00007ffc8ecfb000 	C:\WINDOWS\System32\ucrtbase.dll
0x00007ffc83bc0000 - 0x00007ffc83bd8000 	C:\Program Files\Java\jdk-19\bin\jli.dll
0x00007ffc901d0000 - 0x00007ffc90284000 	C:\WINDOWS\System32\ADVAPI32.dll
0x00007ffc90060000 - 0x00007ffc90109000 	C:\WINDOWS\System32\msvcrt.dll
0x00007ffc90120000 - 0x00007ffc901c6000 	C:\WINDOWS\System32\sechost.dll
0x00007ffc90390000 - 0x00007ffc904a8000 	C:\WINDOWS\System32\RPCRT4.dll
0x00007ffc90990000 - 0x00007ffc90b55000 	C:\WINDOWS\System32\USER32.dll
0x00007ffc8ea40000 - 0x00007ffc8ea67000 	C:\WINDOWS\System32\win32u.dll
0x00007ffc916f0000 - 0x00007ffc9171b000 	C:\WINDOWS\System32\GDI32.dll
0x00007ffc8ea70000 - 0x00007ffc8eba8000 	C:\WINDOWS\System32\gdi32full.dll
0x00007ffc8e990000 - 0x00007ffc8ea33000 	C:\WINDOWS\System32\msvcp_win.dll
0x00007ffc76420000 - 0x00007ffc766ba000 	C:\WINDOWS\WinSxS\amd64_microsoft.windows.common-controls_6595b64144ccf1df_6.0.26100.4768_none_3e0c112ce331287c\COMCTL32.dll
0x00007ffc865e0000 - 0x00007ffc865eb000 	C:\WINDOWS\SYSTEM32\VERSION.dll
0x00007ffc623a0000 - 0x00007ffc623bb000 	C:\Program Files\Java\jdk-19\bin\VCRUNTIME140.dll
0x00007ffc90d60000 - 0x00007ffc90d8f000 	C:\WINDOWS\System32\IMM32.DLL
0x00007ffc87290000 - 0x00007ffc8729c000 	C:\Program Files\Java\jdk-19\bin\vcruntime140_1.dll
0x00007ffc155e0000 - 0x00007ffc1566e000 	C:\Program Files\Java\jdk-19\bin\msvcp140.dll
0x00007ffbcb4a0000 - 0x00007ffbcc160000 	C:\Program Files\Java\jdk-19\bin\server\jvm.dll
0x00007ffc85440000 - 0x00007ffc8544a000 	C:\WINDOWS\SYSTEM32\WSOCK32.dll
0x00007ffc90860000 - 0x00007ffc908d4000 	C:\WINDOWS\System32\WS2_32.dll
0x00007ffc7c980000 - 0x00007ffc7c9b5000 	C:\WINDOWS\SYSTEM32\WINMM.dll
0x00007ffc8d710000 - 0x00007ffc8d72b000 	C:\WINDOWS\SYSTEM32\kernel.appcore.dll
0x00007ffc7f0d0000 - 0x00007ffc7f0da000 	C:\Program Files\Java\jdk-19\bin\jimage.dll
0x00007ffc874e0000 - 0x00007ffc87721000 	C:\WINDOWS\SYSTEM32\DBGHELP.DLL
0x00007ffc91360000 - 0x00007ffc916e5000 	C:\WINDOWS\System32\combase.dll
0x00007ffc91720000 - 0x00007ffc91800000 	C:\WINDOWS\System32\OLEAUT32.dll
0x00007ffc74e50000 - 0x00007ffc74e93000 	C:\WINDOWS\SYSTEM32\dbgcore.DLL
0x00007ffc8ed00000 - 0x00007ffc8ed99000 	C:\WINDOWS\System32\bcryptPrimitives.dll
0x00007ffc52170000 - 0x00007ffc52196000 	C:\Program Files\Java\jdk-19\bin\java.dll
0x00007ffc10770000 - 0x00007ffc10847000 	C:\Program Files\Java\jdk-19\bin\jsvml.dll
0x00007ffc8f610000 - 0x00007ffc8fd5d000 	C:\WINDOWS\System32\SHELL32.dll
0x00007ffc8efe0000 - 0x00007ffc8f153000 	C:\WINDOWS\System32\wintypes.dll
0x00007ffc8c5b0000 - 0x00007ffc8ce10000 	C:\WINDOWS\SYSTEM32\windows.storage.dll
0x00007ffc90290000 - 0x00007ffc90385000 	C:\WINDOWS\System32\SHCORE.dll
0x00007ffc90660000 - 0x00007ffc906ca000 	C:\WINDOWS\System32\shlwapi.dll
0x00007ffc8e8b0000 - 0x00007ffc8e8d9000 	C:\WINDOWS\SYSTEM32\profapi.dll
0x00007ffc48350000 - 0x00007ffc48363000 	C:\Program Files\Java\jdk-19\bin\net.dll
0x00007ffc88200000 - 0x00007ffc8831e000 	C:\WINDOWS\SYSTEM32\WINHTTP.dll
0x00007ffc8dca0000 - 0x00007ffc8dd0b000 	C:\WINDOWS\system32\mswsock.dll
0x00007ffc45540000 - 0x00007ffc45556000 	C:\Program Files\Java\jdk-19\bin\nio.dll
0x00007ffc45500000 - 0x00007ffc45518000 	C:\Program Files\Java\jdk-19\bin\zip.dll
0x00007ffc62390000 - 0x00007ffc6239a000 	C:\Program Files\Java\jdk-19\bin\management.dll
0x00007ffc62320000 - 0x00007ffc6232b000 	C:\Program Files\Java\jdk-19\bin\management_ext.dll
0x00007ffc90110000 - 0x00007ffc90118000 	C:\WINDOWS\System32\PSAPI.DLL
0x00007ffc8d170000 - 0x00007ffc8d1a3000 	C:\WINDOWS\SYSTEM32\IPHLPAPI.DLL
0x00007ffc90d50000 - 0x00007ffc90d5a000 	C:\WINDOWS\System32\NSI.dll
0x00007ffc8a770000 - 0x00007ffc8a78f000 	C:\WINDOWS\SYSTEM32\dhcpcsvc6.DLL
0x00007ffc878a0000 - 0x00007ffc878c5000 	C:\WINDOWS\SYSTEM32\dhcpcsvc.DLL
0x00007ffc8d210000 - 0x00007ffc8d336000 	C:\WINDOWS\SYSTEM32\DNSAPI.dll
0x00007ffc81700000 - 0x00007ffc8170b000 	C:\Windows\System32\rasadhlp.dll
0x00007ffc86fe0000 - 0x00007ffc87066000 	C:\WINDOWS\System32\fwpuclnt.dll
0x00007ffc60410000 - 0x00007ffc6041e000 	C:\Program Files\Java\jdk-19\bin\sunmscapi.dll
0x00007ffc8eda0000 - 0x00007ffc8ef17000 	C:\WINDOWS\System32\CRYPT32.dll
0x00007ffc8e180000 - 0x00007ffc8e1b0000 	C:\WINDOWS\SYSTEM32\ncrypt.dll
0x00007ffc8e130000 - 0x00007ffc8e16f000 	C:\WINDOWS\SYSTEM32\NTASN1.dll

dbghelp: loaded successfully - version: 4.0.5 - missing functions: none
symbol engine: initialized successfully - sym options: 0x614 - pdb path: .;C:\Program Files\Java\jdk-19\bin;C:\WINDOWS\SYSTEM32;C:\WINDOWS\WinSxS\amd64_microsoft.windows.common-controls_6595b64144ccf1df_6.0.26100.4768_none_3e0c112ce331287c;C:\Program Files\Java\jdk-19\bin\server

VM Arguments:
jvm_args: -Dfile.encoding=UTF-8 -XX:+ShowCodeDetailsInExceptionMessages 
java_command: com.wipro.paymentms2.Paymentms2Application
java_class_path (initial): C:\Advancejava\paymentms2\target\classes;C:\Users\pc\.m2\repository\jakarta\servlet\jakarta.servlet-api\6.0.0\jakarta.servlet-api-6.0.0.jar;C:\Users\pc\.m2\repository\org\springframework\boot\spring-boot-devtools\3.5.5\spring-boot-devtools-3.5.5.jar;C:\Users\pc\.m2\repository\org\springframework\boot\spring-boot\3.5.5\spring-boot-3.5.5.jar;C:\Users\pc\.m2\repository\org\springframework\boot\spring-boot-autoconfigure\3.5.5\spring-boot-autoconfigure-3.5.5.jar;C:\Users\pc\.m2\repository\org\springframework\kafka\spring-kafka\3.3.9\spring-kafka-3.3.9.jar;C:\Users\pc\.m2\repository\org\springframework\spring-context\6.2.10\spring-context-6.2.10.jar;C:\Users\pc\.m2\repository\org\springframework\spring-beans\6.2.10\spring-beans-6.2.10.jar;C:\Users\pc\.m2\repository\org\springframework\spring-expression\6.2.10\spring-expression-6.2.10.jar;C:\Users\pc\.m2\repository\org\springframework\spring-messaging\6.2.10\spring-messaging-6.2.10.jar;C:\Users\pc\.m2\repository\org\springframework\spring-tx\6.2.10\spring-tx-6.2.10.jar;C:\Users\pc\.m2\repository\org\springframework\retry\spring-retry\2.0.12\spring-retry-2.0.12.jar;C:\Users\pc\.m2\repository\org\apache\kafka\kafka-clients\3.9.1\kafka-clients-3.9.1.jar;C:\Users\pc\.m2\repository\com\github\luben\zstd-jni\1.5.6-4\zstd-jni-1.5.6-4.jar;C:\Users\pc\.m2\repository\org\lz4\lz4-java\1.8.0\lz4-java-1.8.0.jar;C:\Users\pc\.m2\repository\org\xerial\snappy\snappy-java\1.1.10.5\snappy-java-1.1.10.5.jar;C:\Users\pc\.m2\repository\org\slf4j\slf4j-api\2.0.17\slf4j-api-2.0.17.jar;C:\Users\pc\.m2\repository\io\micrometer\micrometer-observation\1.15.3\micrometer-observation-1.15.3.jar;C:\Users\pc\.m2\repository\io\micrometer\micrometer-commons\1.15.3\micrometer-commons-1.15.3.jar;C:\Users\pc\.m2\repository\io\jsonwebtoken\jjwt-api\0.11.5\jjwt-api-0.11.5.jar;C:\Users\pc\.m2\repository\io\jsonwebtoken\jjwt-impl\0.11.5\jjwt-impl-0.11.5.jar;C:\Users\pc\.m2\repository\io\jsonwebtoken\jjwt-jackson\0.11.5\jjwt-jackson-0.11.5.jar;C:\Users\pc\.m2\repository\com\fasterxml\jackson\core\jackson-databind\2.19.2\jackson-databind-2.19.2.jar;C:\Users\pc\.m2\repository\com\fasterxml\jackson\core\jackson-annotations\2.19.2\jackson-annotations-2.19.2.jar;C:\Users\pc\.m2\repository\com\fasterxml\jackson\core\jackson-core\2.19.2\jackson-core-2.19.2.jar;C:\Users\pc\.m2\repository\org\springframework\boot\spring-boot-starter-web\3.5.5\spring-boot-starter-web-3.5.5.jar;C:\Users\pc\.m2\repository\org\springframework\boot\spring-boot-starter\3.5.5\spring-boot-starter-3.5.5.jar;C:\Users\pc\.m2\repository\org\springframework\boot\spring-boot-starter-logging\3.5.5\spring-boot-starter-logging-3.5.5.jar;C:\Users\pc\.m2\repository\ch\qos\logback\logback-classic\1.5.18\logback-classic-1.5.18.jar;C:\Users\pc\.m2\repository\ch\qos\logback\logback-core\1.5.18\logback-core-1.5.18.jar;C:\Users\pc\.m2\repository\org\apache\logging\log4j\log4j-to-slf4j\2.24.3\log4j-to-slf4j-2.24.3.jar;C:\Users\pc\.m2\repository\org\apache\logging\log4j\log4j-api\2.24.3\log4j-api-2.24.3.jar;C:\Users\pc\.m2\repository\org\slf4j\jul-to-slf4j\2.0.17\jul-to-slf4j-2.0.17.jar;C:\Users\pc\.m2\repository\jakarta\annotation\jakarta.annotation-api\2.1.1\jakarta.annotation-api-2.1.1.jar;C:\Users\pc\.m2\repository\org\yaml\snakeyaml\2.4\snakeyaml-2.4.jar;C:\Users\pc\.m2\repository\org\springframework\boot\spring-boot-starter-json\3.5.5\spring-boot-starter-json-3.5.5.jar;C:\Users\pc\.m2\repository\com\fasterxml\jackson\datatype\jackson-datatype-jdk8\2.19.2\jackson-datatype-jdk8-2.19.2.jar;C:\Users\pc\.m2\repository\com\fasterxml\jackson\datatype\jackson-datatype-jsr310\2.19.2\jackson-datatype-jsr310-2.19.2.jar;C:\Users\pc\.m2\repository\com\fasterxml\jackson\module\jackson-module-parameter-names\2.19.2\jackson-module-parameter-names-2.19.2.jar;C:\Users\pc\.m2\repository\org\springframework\boot\spring-boot-starter-tomcat\3.5.5\spring-boot-starter-tomcat-3.5.5.jar;C:\Users\pc\.m2\repository\org\apache\tomcat\embed\tomcat-embed-core\10.1.44\tomcat-embed-core-10.1.44.jar;C:\Users\pc\.m2\repository\org\apache\tomcat\embed\tomcat-embed-el\10.1.44\tomcat-embed-el-10.1.44.jar;C:\Users\pc\.m2\repository\org\apache\tomcat\embed\tomcat-embed-websocket\10.1.44\tomcat-embed-websocket-10.1.44.jar;C:\Users\pc\.m2\repository\org\springframework\spring-web\6.2.10\spring-web-6.2.10.jar;C:\Users\pc\.m2\repository\org\springframework\spring-webmvc\6.2.10\spring-webmvc-6.2.10.jar;C:\Users\pc\.m2\repository\org\springframework\boot\spring-boot-starter-data-jpa\3.5.5\spring-boot-starter-data-jpa-3.5.5.jar;C:\Users\pc\.m2\repository\org\springframework\boot\spring-boot-starter-jdbc\3.5.5\spring-boot-starter-jdbc-3.5.5.jar;C:\Users\pc\.m2\repository\com\zaxxer\HikariCP\6.3.2\HikariCP-6.3.2.jar;C:\Users\pc\.m2\repository\org\springframework\spring-jdbc\6.2.10\spring-jdbc-6.2.10.jar;C:\Users\pc\.m2\repository\org\hibernate\orm\hibernate-core\6.6.26.Final\hibernate-core-6.6.26.Final.jar;C:\Users\pc\.m2\repository\jakarta\persistence\jakarta.persistence-api\3.1.0\jakarta.persistence-api-3.1.0.jar;C:\Users\pc\.m2\repository\jakarta\transaction\jakarta.transaction-api\2.0.1\jakarta.transaction-api-2.0.1.jar;C:\Users\pc\.m2\repository\org\jboss\logging\jboss-logging\3.6.1.Final\jboss-logging-3.6.1.Final.jar;C:\Users\pc\.m2\repository\org\hibernate\common\hibernate-commons-annotations\7.0.3.Final\hibernate-commons-annotations-7.0.3.Final.jar;C:\Users\pc\.m2\repository\io\smallrye\jandex\3.2.0\jandex-3.2.0.jar;C:\Users\pc\.m2\repository\com\fasterxml\classmate\1.7.0\classmate-1.7.0.jar;C:\Users\pc\.m2\repository\net\bytebuddy\byte-buddy\1.17.7\byte-buddy-1.17.7.jar;C:\Users\pc\.m2\repository\org\glassfish\jaxb\jaxb-runtime\4.0.5\jaxb-runtime-4.0.5.jar;C:\Users\pc\.m2\repository\org\glassfish\jaxb\jaxb-core\4.0.5\jaxb-core-4.0.5.jar;C:\Users\pc\.m2\repository\org\eclipse\angus\angus-activation\2.0.2\angus-activation-2.0.2.jar;C:\Users\pc\.m2\repository\org\glassfish\jaxb\txw2\4.0.5\txw2-4.0.5.jar;C:\Users\pc\.m2\repository\com\sun\istack\istack-commons-runtime\4.1.2\istack-commons-runtime-4.1.2.jar;C:\Users\pc\.m2\repository\jakarta\inject\jakarta.inject-api\2.0.1\jakarta.inject-api-2.0.1.jar;C:\Users\pc\.m2\repository\org\antlr\antlr4-runtime\4.13.0\antlr4-runtime-4.13.0.jar;C:\Users\pc\.m2\repository\org\springframework\data\spring-data-jpa\3.5.3\spring-data-jpa-3.5.3.jar;C:\Users\pc\.m2\repository\org\springframework\data\spring-data-commons\3.5.3\spring-data-commons-3.5.3.jar;C:\Users\pc\.m2\repository\org\springframework\spring-orm\6.2.10\spring-orm-6.2.10.jar;C:\Users\pc\.m2\repository\org\springframework\spring-aspects\6.2.10\spring-aspects-6.2.10.jar;C:\Users\pc\.m2\repository\org\aspectj\aspectjweaver\1.9.24\aspectjweaver-1.9.24.jar;C:\Users\pc\.m2\repository\com\mysql\mysql-connector-j\9.4.0\mysql-connector-j-9.4.0.jar;C:\Users\pc\.m2\repository\org\projectlombok\lombok\1.18.38\lombok-1.18.38.jar;C:\Users\pc\.m2\repository\jakarta\xml\bind\jakarta.xml.bind-api\4.0.2\jakarta.xml.bind-api-4.0.2.jar;C:\Users\pc\.m2\repository\jakarta\activation\jakarta.activation-api\2.1.3\jakarta.activation-api-2.1.3.jar;C:\Users\pc\.m2\repository\org\springframework\spring-core\6.2.10\spring-core-6.2.10.jar;C:\Users\pc\.m2\repository\org\springframework\spring-jcl\6.2.10\spring-jcl-6.2.10.jar;C:\Users\pc\.m2\repository\org\springframework\cloud\spring-cloud-starter-netflix-eureka-client\4.3.0\spring-cloud-starter-netflix-eureka-client-4.3.0.jar;C:\Users\pc\.m2\repository\org\springframework\cloud\spring-cloud-starter\4.3.0\spring-cloud-starter-4.3.0.jar;C:\Users\pc\.m2\repository\org\springframework\cloud\spring-cloud-context\4.3.0\spring-cloud-context-4.3.0.jar;C:\Users\pc\.m2\repository\org\springframework\cloud\spring-cloud-commons\4.3.0\spring-cloud-commons-4.3.0.jar;C:\Users\pc\.m2\repository\org\bouncycastle\bcprov-jdk18on\1.80\bcprov-jdk18on-1.80.jar;C:\Users\pc\.m2\repository\org\springframework\cloud\spring-cloud-netflix-eureka-client\4.3.0\spring-cloud-netflix-eureka-client-4.3.0.jar;C:\Users\pc\.m2\repository\org\apache\httpcomponents\client5\httpclient5\5.5\httpclient5-5.5.jar;C:\Users\pc\.m2\repository\org\apache\httpcomponents\core5\httpcore5\5.3.4\httpcore5-5.3.4.jar;C:\Users\pc\.m2\repository\org\apache\httpcomponents\core5\httpcore5-h2\5.3.4\httpcore5-h2-5.3.4.jar;C:\Users\pc\.m2\repository\com\netflix\eureka\eureka-client\2.0.4\eureka-client-2.0.4.jar;C:\Users\pc\.m2\repository\com\thoughtworks\xstream\xstream\1.4.20\xstream-1.4.20.jar;C:\Users\pc\.m2\repository\io\github\x-stream\mxparser\1.2.2\mxparser-1.2.2.jar;C:\Users\pc\.m2\repository\xmlpull\xmlpull\1.1.3.1\xmlpull-1.1.3.1.jar;C:\Users\pc\.m2\repository\jakarta\ws\rs\jakarta.ws.rs-api\3.1.0\jakarta.ws.rs-api-3.1.0.jar;C:\Users\pc\.m2\repository\com\netflix\spectator\spectator-api\1.7.3\spectator-api-1.7.3.jar;C:\Users\pc\.m2\repository\org\apache\httpcomponents\httpclient\4.5.3\httpclient-4.5.3.jar;C:\Users\pc\.m2\repository\org\apache\httpcomponents\httpcore\4.4.16\httpcore-4.4.16.jar;C:\Users\pc\.m2\repository\commons-codec\commons-codec\1.18.0\commons-codec-1.18.0.jar;C:\Users\pc\.m2\repository\commons-configuration\commons-configuration\1.10\commons-configuration-1.10.jar;C:\Users\pc\.m2\repository\commons-lang\commons-lang\2.6\commons-lang-2.6.jar;C:\Users\pc\.m2\repository\com\netflix\netflix-commons\netflix-eventbus\0.3.0\netflix-eventbus-0.3.0.jar;C:\Users\pc\.m2\repository\com\netflix\netflix-commons\netflix-infix\0.3.0\netflix-infix-0.3.0.jar;C:\Users\pc\.m2\repository\commons-jxpath\commons-jxpath\1.3\commons-jxpath-1.3.jar;C:\Users\pc\.m2\repository\joda-time\joda-time\2.3\joda-time-2.3.jar;C:\Users\pc\.m2\repository\org\antlr\antlr-runtime\3.4\antlr-runtime-3.4.jar;C:\Users\pc\.m2\repository\org\antlr\stringtemplate\3.2.1\stringtemplate-3.2.1.jar;C:\Users\pc\.m2\repository\antlr\antlr\2.7.7\antlr-2.7.7.jar;C:\Users\pc\.m2\repository\com\google\guava\guava\14.0.1\guava-14.0.1.jar;C:\Users\pc\.m2\repository\com\google\code\gson\gson\2.13.1\gson-2.13.1.jar;C:\Users\pc\.m2\repository\com\google\errorprone\error_prone_annotations\2.38.0\error_prone_annotations-2.38.0.jar;C:\Users\pc\.m2\repository\com\netflix\servo\servo-core\0.5.3\servo-core-0.5.3.jar;C:\Users\pc\.m2\repository\org\apache\commons\commons-math\2.2\commons-math-2.2.jar;C:\Users\pc\.m2\repository\javax\annotation\javax.annotation-api\1.2\javax.annotation-api-1.2.jar;C:\Users\pc\.m2\repository\org\codehaus\jettison\jettison\1.5.4\jettison-1.5.4.jar;C:\Users\pc\.m2\repository\org\springframework\cloud\spring-cloud-starter-loadbalancer\4.3.0\spring-cloud-starter-loadbalancer-4.3.0.jar;C:\Users\pc\.m2\repository\org\springframework\cloud\spring-cloud-loadbalancer\4.3.0\spring-cloud-loadbalancer-4.3.0.jar;C:\Users\pc\.m2\repository\io\projectreactor\reactor-core\3.7.9\reactor-core-3.7.9.jar;C:\Users\pc\.m2\repository\org\reactivestreams\reactive-streams\1.0.4\reactive-streams-1.0.4.jar;C:\Users\pc\.m2\repository\io\projectreactor\addons\reactor-extra\3.5.2\reactor-extra-3.5.2.jar;C:\Users\pc\.m2\repository\org\springframework\boot\spring-boot-starter-cache\3.5.5\spring-boot-starter-cache-3.5.5.jar;C:\Users\pc\.m2\repository\org\springframework\spring-context-support\6.2.10\spring-context-support-6.2.10.jar;C:\Users\pc\.m2\repository\com\stoyanr\evictor\1.0.0\evictor-1.0.0.jar;C:\Users\pc\.m2\repository\org\springframework\security\spring-security-core\6.5.3\spring-security-core-6.5.3.jar;C:\Users\pc\.m2\repository\org\springframework\security\spring-security-crypto\6.5.3\spring-security-crypto-6.5.3.jar;C:\Users\pc\.m2\repository\org\springframework\security\spring-security-web\6.5.3\spring-security-web-6.5.3.jar;C:\Users\pc\.m2\repository\org\springframework\boot\spring-boot-starter-security\3.5.5\spring-boot-starter-security-3.5.5.jar;C:\Users\pc\.m2\repository\org\springframework\spring-aop\6.2.10\spring-aop-6.2.10.jar;C:\Users\pc\.m2\repository\org\springframework\security\spring-security-config\6.5.3\spring-security-config-6.5.3.jar
Launcher Type: SUN_STANDARD

[Global flags]
     intx CICompilerCount                          = 3                                         {product} {ergonomic}
     uint ConcGCThreads                            = 1                                         {product} {ergonomic}
     uint G1ConcRefinementThreads                  = 4                                         {product} {ergonomic}
   size_t G1HeapRegionSize                         = 1048576                                   {product} {ergonomic}
    uintx GCDrainStackTargetSize                   = 64                                        {product} {ergonomic}
   size_t InitialHeapSize                          = 100663296                                 {product} {ergonomic}
   size_t MarkStackSize                            = 4194304                                   {product} {ergonomic}
   size_t MaxHeapSize                              = 1595932672                                {product} {ergonomic}
   size_t MaxNewSize                               = 957349888                                 {product} {ergonomic}
   size_t MinHeapDeltaBytes                        = 1048576                                   {product} {ergonomic}
   size_t MinHeapSize                              = 8388608                                   {product} {ergonomic}
    uintx NonNMethodCodeHeapSize                   = 5832780                                {pd product} {ergonomic}
    uintx NonProfiledCodeHeapSize                  = 122912730                              {pd product} {ergonomic}
    uintx ProfiledCodeHeapSize                     = 122912730                              {pd product} {ergonomic}
    uintx ReservedCodeCacheSize                    = 251658240                              {pd product} {ergonomic}
     bool SegmentedCodeCache                       = true                                      {product} {ergonomic}
     bool ShowCodeDetailsInExceptionMessages       = true                                   {manageable} {command line}
   size_t SoftMaxHeapSize                          = 1595932672                             {manageable} {ergonomic}
     bool UseCompressedClassPointers               = true                           {product lp64_product} {ergonomic}
     bool UseCompressedOops                        = true                           {product lp64_product} {ergonomic}
     bool UseG1GC                                  = true                                      {product} {ergonomic}
     bool UseLargePagesIndividualAllocation        = false                                  {pd product} {ergonomic}

Logging:
Log output configuration:
 #0: stdout all=warning uptime,level,tags foldmultilines=false
 #1: stderr all=off uptime,level,tags foldmultilines=false

Environment Variables:
PATH=C:/Program Files/Java/jdk-21/bin/server;C:/Program Files/Java/jdk-21/bin;C:\Program Files\Java\jdk-21\bin;C:\Program Files (x86)\VMware\VMware Workstation\bin\;C:\WINDOWS\system32;C:\WINDOWS;C:\WINDOWS\System32\Wbem;C:\WINDOWS\System32\WindowsPowerShell\v1.0\;C:\WINDOWS\System32\OpenSSH\;C:\Program Files\Java\jdk-17.0.2\bin;C:\Program Files\Java\jdk-17\bin;C:\Program Files\Git\cmd;C:\Program Files\nodejs\;C:\Users\pc\Downloads\Java Angular Links\Java Angular\apache-maven-3.9.6-bin.zip\apache-maven-3.9.6\bin;C:\Users\pc\Downloads\Java Angular Links\Java Angular\apache-maven-3.9.6-bin\apache-maven-3.9.6\bin;C:\kafka_2.13-3.9.1\bin;C:\Program Files\MySQL\MySQL Server 8.0\bin;C:\Program Files\MySQL\MySQL Shell 8.0\bin\;C:\Users\pc\AppData\Local\Microsoft\WindowsApps;;C:\Users\pc\AppData\Local\Programs\Microsoft VS Code\bin;C:\Users\pc\AppData\Roaming\npm;C:\Users\pc\OneDrive\Desktop;
USERNAME=pc
OS=Windows_NT
PROCESSOR_IDENTIFIER=AMD64 Family 23 Model 24 Stepping 1, AuthenticAMD
TMP=C:\Users\pc\AppData\Local\Temp
TEMP=C:\Users\pc\AppData\Local\Temp



---------------  S Y S T E M  ---------------

OS:
 Windows 11 , 64 bit Build 26100 (10.0.26100.4768)
OS uptime: 14 days 22:46 hours

CPU: total 4 (initial active 4) (4 cores per cpu, 2 threads per core) family 23 model 24 stepping 1 microcode 0x8108109, cx8, cmov, fxsr, ht, mmx, 3dnowpref, sse, sse2, sse3, ssse3, sse4a, sse4.1, sse4.2, popcnt, lzcnt, tsc, tscinvbit, avx, avx2, aes, clmul, bmi1, bmi2, adx, sha, fma, vzeroupper, clflush, clflushopt, rdtscp

Memory: 4k page, system-wide physical 6086M (257M free)
TotalPageFile size 24518M (AvailPageFile size 10M)
current process WorkingSet (physical memory assigned to process): 128M, peak: 139M
current process commit charge ("private bytes"): 209M, peak: 215M

vm_info: Java HotSpot(TM) 64-Bit Server VM (19+36-2238) for windows-amd64 JRE (19+36-2238), built on 2022-08-12T20:29:01Z by "mach5one" with MS VC++ 17.1 (VS2022)

END.
